
*** Running vivado
    with args -log riconoscitore_board.vds -m64 -product Vivado -mode batch -messageDb vivado.pb -notrace -source riconoscitore_board.tcl


ECHO disattivato.
ECHO disattivato.

****** Vivado v2023.1.1 (64-bit)
  **** SW Build 3900603 on Fri Jun 16 19:31:24 MDT 2023
  **** IP Build 3900379 on Sat Jun 17 05:28:05 MDT 2023
  **** SharedData Build 3899622 on Fri Jun 16 03:34:24 MDT 2023
    ** Copyright 1986-2022 Xilinx, Inc. All Rights Reserved.
    ** Copyright 2022-2023 Advanced Micro Devices, Inc. All Rights Reserved.

source riconoscitore_board.tcl -notrace
create_project: Time (s): cpu = 00:00:05 ; elapsed = 00:00:06 . Memory (MB): peak = 471.270 ; gain = 200.566
Command: read_checkpoint -auto_incremental -incremental {C:/VHDL/TESINA/esercizio_3 - Copia/esercizio_3.srcs/utils_1/imports/synth_1/riconoscitore_board.dcp}
INFO: [Vivado 12-5825] Read reference checkpoint from C:/VHDL/TESINA/esercizio_3 - Copia/esercizio_3.srcs/utils_1/imports/synth_1/riconoscitore_board.dcp for incremental synthesis
INFO: [Vivado 12-7989] Please ensure there are no constraint changes
Command: synth_design -top riconoscitore_board -part xc7a100tcsg324-1
Starting synth_design
Attempting to get a license for feature 'Synthesis' and/or device 'xc7a100t'
INFO: [Common 17-349] Got license for feature 'Synthesis' and/or device 'xc7a100t'
INFO: [Device 21-403] Loading part xc7a100tcsg324-1
INFO: [Designutils 20-5440] No compile time benefit to using incremental synthesis; A full resynthesis will be run
INFO: [Designutils 20-4379] Flow is switching to default flow due to incremental criteria not met. If you would like to alter this behaviour and have the flow terminate instead, please set the following parameter config_implementation {autoIncr.Synth.RejectBehavior Terminate}
INFO: [Synth 8-7079] Multithreading enabled for synth_design using a maximum of 2 processes.
INFO: [Synth 8-7078] Launching helper process for spawning children vivado processes
INFO: [Synth 8-7075] Helper process launched with PID 12740
---------------------------------------------------------------------------------
Starting RTL Elaboration : Time (s): cpu = 00:00:03 ; elapsed = 00:00:05 . Memory (MB): peak = 1302.457 ; gain = 411.289
---------------------------------------------------------------------------------
INFO: [Synth 8-638] synthesizing module 'riconoscitore_board' [C:/VHDL/TESINA/esercizio_3 - Copia/esercizio_3.srcs/sources_1/new/riconoscitore_board.vhd:12]
INFO: [Synth 8-3491] module 'riconoscitore' declared at 'C:/VHDL/TESINA/esercizio_3 - Copia/esercizio_3.srcs/sources_1/new/riconoscitore.vhd:4' bound to instance 'riconoscitore_inst' of component 'riconoscitore' [C:/VHDL/TESINA/esercizio_3 - Copia/esercizio_3.srcs/sources_1/new/riconoscitore_board.vhd:27]
INFO: [Synth 8-638] synthesizing module 'riconoscitore' [C:/VHDL/TESINA/esercizio_3 - Copia/esercizio_3.srcs/sources_1/new/riconoscitore.vhd:12]
WARNING: [Synth 8-614] signal 'M' is read in the process but is not in the sensitivity list [C:/VHDL/TESINA/esercizio_3 - Copia/esercizio_3.srcs/sources_1/new/riconoscitore.vhd:21]
INFO: [Synth 8-256] done synthesizing module 'riconoscitore' (0#1) [C:/VHDL/TESINA/esercizio_3 - Copia/esercizio_3.srcs/sources_1/new/riconoscitore.vhd:12]
INFO: [Synth 8-256] done synthesizing module 'riconoscitore_board' (0#1) [C:/VHDL/TESINA/esercizio_3 - Copia/esercizio_3.srcs/sources_1/new/riconoscitore_board.vhd:12]
---------------------------------------------------------------------------------
Finished RTL Elaboration : Time (s): cpu = 00:00:05 ; elapsed = 00:00:06 . Memory (MB): peak = 1391.281 ; gain = 500.113
---------------------------------------------------------------------------------
---------------------------------------------------------------------------------
Start Handling Custom Attributes
---------------------------------------------------------------------------------
---------------------------------------------------------------------------------
Finished Handling Custom Attributes : Time (s): cpu = 00:00:05 ; elapsed = 00:00:06 . Memory (MB): peak = 1391.281 ; gain = 500.113
---------------------------------------------------------------------------------
---------------------------------------------------------------------------------
Finished RTL Optimization Phase 1 : Time (s): cpu = 00:00:05 ; elapsed = 00:00:06 . Memory (MB): peak = 1391.281 ; gain = 500.113
---------------------------------------------------------------------------------
Netlist sorting complete. Time (s): cpu = 00:00:00 ; elapsed = 00:00:00 . Memory (MB): peak = 1391.281 ; gain = 0.000
INFO: [Project 1-570] Preparing netlist for logic optimization

Processing XDC Constraints
Initializing timing engine
Parsing XDC File [C:/VHDL/TESINA/esercizio_3 - Copia/Nexys-A7-100T-Master.xdc]
Finished Parsing XDC File [C:/VHDL/TESINA/esercizio_3 - Copia/Nexys-A7-100T-Master.xdc]
INFO: [Project 1-236] Implementation specific constraints were found while reading constraint file [C:/VHDL/TESINA/esercizio_3 - Copia/Nexys-A7-100T-Master.xdc]. These constraints will be ignored for synthesis but will be used in implementation. Impacted constraints are listed in the file [.Xil/riconoscitore_board_propImpl.xdc].
Resolution: To avoid this warning, move constraints listed in [.Xil/riconoscitore_board_propImpl.xdc] to another XDC file and exclude this new file from synthesis with the used_in_synthesis property (File Properties dialog in GUI) and re-run elaboration/synthesis.
Completed Processing XDC Constraints

Netlist sorting complete. Time (s): cpu = 00:00:00 ; elapsed = 00:00:00 . Memory (MB): peak = 1442.785 ; gain = 0.000
INFO: [Project 1-111] Unisim Transformation Summary:
No Unisim elements were transformed.

Constraint Validation Runtime : Time (s): cpu = 00:00:00 ; elapsed = 00:00:00.002 . Memory (MB): peak = 1442.785 ; gain = 0.000
INFO: [Designutils 20-5440] No compile time benefit to using incremental synthesis; A full resynthesis will be run
INFO: [Designutils 20-4379] Flow is switching to default flow due to incremental criteria not met. If you would like to alter this behaviour and have the flow terminate instead, please set the following parameter config_implementation {autoIncr.Synth.RejectBehavior Terminate}
---------------------------------------------------------------------------------
Finished Constraint Validation : Time (s): cpu = 00:00:10 ; elapsed = 00:00:13 . Memory (MB): peak = 1442.785 ; gain = 551.617
---------------------------------------------------------------------------------
---------------------------------------------------------------------------------
Start Loading Part and Timing Information
---------------------------------------------------------------------------------
Loading part: xc7a100tcsg324-1
---------------------------------------------------------------------------------
Finished Loading Part and Timing Information : Time (s): cpu = 00:00:10 ; elapsed = 00:00:13 . Memory (MB): peak = 1442.785 ; gain = 551.617
---------------------------------------------------------------------------------
---------------------------------------------------------------------------------
Start Applying 'set_property' XDC Constraints
---------------------------------------------------------------------------------
---------------------------------------------------------------------------------
Finished applying 'set_property' XDC Constraints : Time (s): cpu = 00:00:10 ; elapsed = 00:00:13 . Memory (MB): peak = 1442.785 ; gain = 551.617
---------------------------------------------------------------------------------
WARNING: [Synth 8-327] inferring latch for variable 'Y_reg' [C:/VHDL/TESINA/esercizio_3 - Copia/esercizio_3.srcs/sources_1/new/riconoscitore.vhd:28]
WARNING: [Synth 8-327] inferring latch for variable 'stato_prossimo_reg' [C:/VHDL/TESINA/esercizio_3 - Copia/esercizio_3.srcs/sources_1/new/riconoscitore.vhd:27]
---------------------------------------------------------------------------------
Finished RTL Optimization Phase 2 : Time (s): cpu = 00:00:10 ; elapsed = 00:00:14 . Memory (MB): peak = 1442.785 ; gain = 551.617
---------------------------------------------------------------------------------
---------------------------------------------------------------------------------
Start RTL Component Statistics 
---------------------------------------------------------------------------------
Detailed RTL Component Info : 
+---Registers : 
	                3 Bit    Registers := 1     
	                1 Bit    Registers := 3     
+---Muxes : 
	   2 Input    3 Bit        Muxes := 1     
	   7 Input    3 Bit        Muxes := 1     
	   2 Input    2 Bit        Muxes := 1     
	   5 Input    2 Bit        Muxes := 1     
	   2 Input    1 Bit        Muxes := 3     
	   6 Input    1 Bit        Muxes := 1     
	   4 Input    1 Bit        Muxes := 1     
---------------------------------------------------------------------------------
Finished RTL Component Statistics 
---------------------------------------------------------------------------------
---------------------------------------------------------------------------------
Start Part Resource Summary
---------------------------------------------------------------------------------
Part Resources:
DSPs: 240 (col length:80)
BRAMs: 270 (col length: RAMB18 80 RAMB36 40)
---------------------------------------------------------------------------------
Finished Part Resource Summary
---------------------------------------------------------------------------------
---------------------------------------------------------------------------------
Start Cross Boundary and Area Optimization
---------------------------------------------------------------------------------
WARNING: [Synth 8-7080] Parallel synthesis criteria is not met
WARNING: [Synth 8-3332] Sequential element (riconoscitore_inst/Y_reg) is unused and will be removed from module riconoscitore_board.
WARNING: [Synth 8-3332] Sequential element (riconoscitore_inst/stato_prossimo_reg[2]) is unused and will be removed from module riconoscitore_board.
WARNING: [Synth 8-3332] Sequential element (riconoscitore_inst/stato_prossimo_reg[1]) is unused and will be removed from module riconoscitore_board.
WARNING: [Synth 8-3332] Sequential element (riconoscitore_inst/stato_prossimo_reg[0]) is unused and will be removed from module riconoscitore_board.
---------------------------------------------------------------------------------
Finished Cross Boundary and Area Optimization : Time (s): cpu = 00:00:11 ; elapsed = 00:00:15 . Memory (MB): peak = 1442.785 ; gain = 551.617
---------------------------------------------------------------------------------
---------------------------------------------------------------------------------
Start Applying XDC Timing Constraints
---------------------------------------------------------------------------------
---------------------------------------------------------------------------------
Finished Applying XDC Timing Constraints : Time (s): cpu = 00:00:14 ; elapsed = 00:00:21 . Memory (MB): peak = 1442.785 ; gain = 551.617
---------------------------------------------------------------------------------
---------------------------------------------------------------------------------
Start Timing Optimization
---------------------------------------------------------------------------------
---------------------------------------------------------------------------------
Finished Timing Optimization : Time (s): cpu = 00:00:14 ; elapsed = 00:00:21 . Memory (MB): peak = 1442.785 ; gain = 551.617
---------------------------------------------------------------------------------
---------------------------------------------------------------------------------
Start Technology Mapping
---------------------------------------------------------------------------------
---------------------------------------------------------------------------------
Finished Technology Mapping : Time (s): cpu = 00:00:14 ; elapsed = 00:00:21 . Memory (MB): peak = 1442.785 ; gain = 551.617
---------------------------------------------------------------------------------
---------------------------------------------------------------------------------
Start IO Insertion
---------------------------------------------------------------------------------
---------------------------------------------------------------------------------
Start Flattening Before IO Insertion
---------------------------------------------------------------------------------
---------------------------------------------------------------------------------
Finished Flattening Before IO Insertion
---------------------------------------------------------------------------------
---------------------------------------------------------------------------------
Start Final Netlist Cleanup
---------------------------------------------------------------------------------
---------------------------------------------------------------------------------
Finished Final Netlist Cleanup
---------------------------------------------------------------------------------
---------------------------------------------------------------------------------
Finished IO Insertion : Time (s): cpu = 00:00:16 ; elapsed = 00:00:26 . Memory (MB): peak = 1442.785 ; gain = 551.617
---------------------------------------------------------------------------------
---------------------------------------------------------------------------------
Start Renaming Generated Instances
---------------------------------------------------------------------------------
---------------------------------------------------------------------------------
Finished Renaming Generated Instances : Time (s): cpu = 00:00:16 ; elapsed = 00:00:26 . Memory (MB): peak = 1442.785 ; gain = 551.617
---------------------------------------------------------------------------------
---------------------------------------------------------------------------------
Start Rebuilding User Hierarchy
---------------------------------------------------------------------------------
---------------------------------------------------------------------------------
Finished Rebuilding User Hierarchy : Time (s): cpu = 00:00:16 ; elapsed = 00:00:26 . Memory (MB): peak = 1442.785 ; gain = 551.617
---------------------------------------------------------------------------------
---------------------------------------------------------------------------------
Start Renaming Generated Ports
---------------------------------------------------------------------------------
---------------------------------------------------------------------------------
Finished Renaming Generated Ports : Time (s): cpu = 00:00:16 ; elapsed = 00:00:26 . Memory (MB): peak = 1442.785 ; gain = 551.617
---------------------------------------------------------------------------------
---------------------------------------------------------------------------------
Start Handling Custom Attributes
---------------------------------------------------------------------------------
---------------------------------------------------------------------------------
Finished Handling Custom Attributes : Time (s): cpu = 00:00:16 ; elapsed = 00:00:26 . Memory (MB): peak = 1442.785 ; gain = 551.617
---------------------------------------------------------------------------------
---------------------------------------------------------------------------------
Start Renaming Generated Nets
---------------------------------------------------------------------------------
---------------------------------------------------------------------------------
Finished Renaming Generated Nets : Time (s): cpu = 00:00:16 ; elapsed = 00:00:26 . Memory (MB): peak = 1442.785 ; gain = 551.617
---------------------------------------------------------------------------------
---------------------------------------------------------------------------------
Start Writing Synthesis Report
---------------------------------------------------------------------------------

Report BlackBoxes: 
+-+--------------+----------+
| |BlackBox name |Instances |
+-+--------------+----------+
+-+--------------+----------+

Report Cell Usage: 
+------+-----+------+
|      |Cell |Count |
+------+-----+------+
|1     |BUFG |     1|
|2     |LUT1 |     1|
|3     |LUT5 |     1|
|4     |LUT6 |     3|
|5     |FDRE |     6|
|6     |IBUF |     6|
|7     |OBUF |     1|
+------+-----+------+
---------------------------------------------------------------------------------
Finished Writing Synthesis Report : Time (s): cpu = 00:00:16 ; elapsed = 00:00:26 . Memory (MB): peak = 1442.785 ; gain = 551.617
---------------------------------------------------------------------------------
Synthesis finished with 0 errors, 0 critical warnings and 7 warnings.
Synthesis Optimization Runtime : Time (s): cpu = 00:00:11 ; elapsed = 00:00:25 . Memory (MB): peak = 1442.785 ; gain = 500.113
Synthesis Optimization Complete : Time (s): cpu = 00:00:17 ; elapsed = 00:00:26 . Memory (MB): peak = 1442.785 ; gain = 551.617
INFO: [Project 1-571] Translating synthesized netlist
Netlist sorting complete. Time (s): cpu = 00:00:00 ; elapsed = 00:00:00.001 . Memory (MB): peak = 1442.785 ; gain = 0.000
INFO: [Project 1-570] Preparing netlist for logic optimization
INFO: [Opt 31-138] Pushed 0 inverter(s) to 0 load pin(s).
Netlist sorting complete. Time (s): cpu = 00:00:00 ; elapsed = 00:00:00 . Memory (MB): peak = 1442.785 ; gain = 0.000
INFO: [Project 1-111] Unisim Transformation Summary:
No Unisim elements were transformed.

Synth Design complete | Checksum: 621eedcc
INFO: [Common 17-83] Releasing license: Synthesis
24 Infos, 8 Warnings, 0 Critical Warnings and 0 Errors encountered.
synth_design completed successfully
synth_design: Time (s): cpu = 00:00:19 ; elapsed = 00:00:31 . Memory (MB): peak = 1442.785 ; gain = 946.656
INFO: [Common 17-1381] The checkpoint 'C:/VHDL/TESINA/esercizio_3 - Copia/esercizio_3.runs/synth_1/riconoscitore_board.dcp' has been generated.
INFO: [runtcl-4] Executing : report_utilization -file riconoscitore_board_utilization_synth.rpt -pb riconoscitore_board_utilization_synth.pb
INFO: [Common 17-206] Exiting Vivado at Mon Jan 29 14:46:41 2024...
