
*** Running vivado
    with args -log CU_on_board.vds -m64 -product Vivado -mode batch -messageDb vivado.pb -notrace -source CU_on_board.tcl


ECHO disattivato.
ECHO disattivato.

****** Vivado v2023.1.1 (64-bit)
  **** SW Build 3900603 on Fri Jun 16 19:31:24 MDT 2023
  **** IP Build 3900379 on Sat Jun 17 05:28:05 MDT 2023
  **** SharedData Build 3899622 on Fri Jun 16 03:34:24 MDT 2023
    ** Copyright 1986-2022 Xilinx, Inc. All Rights Reserved.
    ** Copyright 2022-2023 Advanced Micro Devices, Inc. All Rights Reserved.

source CU_on_board.tcl -notrace
create_project: Time (s): cpu = 00:00:05 ; elapsed = 00:00:07 . Memory (MB): peak = 471.664 ; gain = 201.004
Command: read_checkpoint -auto_incremental -incremental C:/VHDL/TESINA/esercizio_6/esercizio_6.srcs/utils_1/imports/synth_1/CU.dcp
INFO: [Vivado 12-5825] Read reference checkpoint from C:/VHDL/TESINA/esercizio_6/esercizio_6.srcs/utils_1/imports/synth_1/CU.dcp for incremental synthesis
INFO: [Vivado 12-7989] Please ensure there are no constraint changes
Command: synth_design -top CU_on_board -part xc7a100tcsg324-1
Starting synth_design
Attempting to get a license for feature 'Synthesis' and/or device 'xc7a100t'
INFO: [Common 17-349] Got license for feature 'Synthesis' and/or device 'xc7a100t'
INFO: [Device 21-403] Loading part xc7a100tcsg324-1
INFO: [Designutils 20-5440] No compile time benefit to using incremental synthesis; A full resynthesis will be run
INFO: [Designutils 20-4379] Flow is switching to default flow due to incremental criteria not met. If you would like to alter this behaviour and have the flow terminate instead, please set the following parameter config_implementation {autoIncr.Synth.RejectBehavior Terminate}
INFO: [Synth 8-7079] Multithreading enabled for synth_design using a maximum of 2 processes.
INFO: [Synth 8-7078] Launching helper process for spawning children vivado processes
INFO: [Synth 8-7075] Helper process launched with PID 12520
---------------------------------------------------------------------------------
Starting RTL Elaboration : Time (s): cpu = 00:00:04 ; elapsed = 00:00:05 . Memory (MB): peak = 1302.059 ; gain = 412.121
---------------------------------------------------------------------------------
INFO: [Synth 8-638] synthesizing module 'CU_on_board' [C:/VHDL/TESINA/esercizio_6/esercizio_6.srcs/sources_1/new/CU_on_board.vhd:11]
INFO: [Synth 8-3491] module 'CU' declared at 'C:/VHDL/TESINA/esercizio_6/esercizio_6.srcs/sources_1/new/CU.vhd:5' bound to instance 'c_u' of component 'CU' [C:/VHDL/TESINA/esercizio_6/esercizio_6.srcs/sources_1/new/CU_on_board.vhd:27]
INFO: [Synth 8-638] synthesizing module 'CU' [C:/VHDL/TESINA/esercizio_6/esercizio_6.srcs/sources_1/new/CU.vhd:13]
INFO: [Synth 8-3491] module 'ROM' declared at 'C:/VHDL/TESINA/esercizio_6/esercizio_6.srcs/sources_1/new/ROM.vhd:5' bound to instance 'mem_rom' of component 'ROM' [C:/VHDL/TESINA/esercizio_6/esercizio_6.srcs/sources_1/new/CU.vhd:63]
INFO: [Synth 8-638] synthesizing module 'ROM' [C:/VHDL/TESINA/esercizio_6/esercizio_6.srcs/sources_1/new/ROM.vhd:14]
INFO: [Synth 8-256] done synthesizing module 'ROM' (0#1) [C:/VHDL/TESINA/esercizio_6/esercizio_6.srcs/sources_1/new/ROM.vhd:14]
INFO: [Synth 8-3491] module 'M' declared at 'C:/VHDL/TESINA/esercizio_6/esercizio_6.srcs/sources_1/new/M.vhd:5' bound to instance 'machine_m' of component 'M' [C:/VHDL/TESINA/esercizio_6/esercizio_6.srcs/sources_1/new/CU.vhd:70]
INFO: [Synth 8-638] synthesizing module 'M' [C:/VHDL/TESINA/esercizio_6/esercizio_6.srcs/sources_1/new/M.vhd:11]
INFO: [Synth 8-256] done synthesizing module 'M' (0#1) [C:/VHDL/TESINA/esercizio_6/esercizio_6.srcs/sources_1/new/M.vhd:11]
INFO: [Synth 8-3491] module 'MEM' declared at 'C:/VHDL/TESINA/esercizio_6/esercizio_6.srcs/sources_1/new/MEM.vhd:5' bound to instance 'mem_mem' of component 'MEM' [C:/VHDL/TESINA/esercizio_6/esercizio_6.srcs/sources_1/new/CU.vhd:75]
INFO: [Synth 8-638] synthesizing module 'MEM' [C:/VHDL/TESINA/esercizio_6/esercizio_6.srcs/sources_1/new/MEM.vhd:15]
INFO: [Synth 8-256] done synthesizing module 'MEM' (0#1) [C:/VHDL/TESINA/esercizio_6/esercizio_6.srcs/sources_1/new/MEM.vhd:15]
INFO: [Synth 8-3491] module 'cont_mod_16' declared at 'C:/VHDL/TESINA/esercizio_6/esercizio_6.srcs/sources_1/new/cont_mod_16.vhd:5' bound to instance 'contatore' of component 'cont_mod_16' [C:/VHDL/TESINA/esercizio_6/esercizio_6.srcs/sources_1/new/CU.vhd:83]
INFO: [Synth 8-638] synthesizing module 'cont_mod_16' [C:/VHDL/TESINA/esercizio_6/esercizio_6.srcs/sources_1/new/cont_mod_16.vhd:14]
WARNING: [Synth 8-614] signal 'enable' is read in the process but is not in the sensitivity list [C:/VHDL/TESINA/esercizio_6/esercizio_6.srcs/sources_1/new/cont_mod_16.vhd:20]
INFO: [Synth 8-256] done synthesizing module 'cont_mod_16' (0#1) [C:/VHDL/TESINA/esercizio_6/esercizio_6.srcs/sources_1/new/cont_mod_16.vhd:14]
INFO: [Synth 8-256] done synthesizing module 'CU' (0#1) [C:/VHDL/TESINA/esercizio_6/esercizio_6.srcs/sources_1/new/CU.vhd:13]
INFO: [Synth 8-256] done synthesizing module 'CU_on_board' (0#1) [C:/VHDL/TESINA/esercizio_6/esercizio_6.srcs/sources_1/new/CU_on_board.vhd:11]
WARNING: [Synth 8-6014] Unused sequential element mem_data_reg was removed. 
WARNING: [Synth 8-7129] Port address[3] in module MEM is either unconnected or has no load
WARNING: [Synth 8-7129] Port address[2] in module MEM is either unconnected or has no load
WARNING: [Synth 8-7129] Port address[1] in module MEM is either unconnected or has no load
WARNING: [Synth 8-7129] Port address[0] in module MEM is either unconnected or has no load
WARNING: [Synth 8-7129] Port x[7] in module M is either unconnected or has no load
WARNING: [Synth 8-7129] Port x[6] in module M is either unconnected or has no load
WARNING: [Synth 8-7129] Port x[5] in module M is either unconnected or has no load
WARNING: [Synth 8-7129] Port x[4] in module M is either unconnected or has no load
---------------------------------------------------------------------------------
Finished RTL Elaboration : Time (s): cpu = 00:00:05 ; elapsed = 00:00:06 . Memory (MB): peak = 1391.875 ; gain = 501.938
---------------------------------------------------------------------------------
---------------------------------------------------------------------------------
Start Handling Custom Attributes
---------------------------------------------------------------------------------
---------------------------------------------------------------------------------
Finished Handling Custom Attributes : Time (s): cpu = 00:00:05 ; elapsed = 00:00:06 . Memory (MB): peak = 1391.875 ; gain = 501.938
---------------------------------------------------------------------------------
---------------------------------------------------------------------------------
Finished RTL Optimization Phase 1 : Time (s): cpu = 00:00:05 ; elapsed = 00:00:06 . Memory (MB): peak = 1391.875 ; gain = 501.938
---------------------------------------------------------------------------------
Netlist sorting complete. Time (s): cpu = 00:00:00 ; elapsed = 00:00:00.002 . Memory (MB): peak = 1391.875 ; gain = 0.000
INFO: [Project 1-570] Preparing netlist for logic optimization

Processing XDC Constraints
Initializing timing engine
Parsing XDC File [C:/VHDL/TESINA/esercizio_6/Nexys-A7-100T-Master.xdc]
Finished Parsing XDC File [C:/VHDL/TESINA/esercizio_6/Nexys-A7-100T-Master.xdc]
INFO: [Project 1-236] Implementation specific constraints were found while reading constraint file [C:/VHDL/TESINA/esercizio_6/Nexys-A7-100T-Master.xdc]. These constraints will be ignored for synthesis but will be used in implementation. Impacted constraints are listed in the file [.Xil/CU_on_board_propImpl.xdc].
Resolution: To avoid this warning, move constraints listed in [.Xil/CU_on_board_propImpl.xdc] to another XDC file and exclude this new file from synthesis with the used_in_synthesis property (File Properties dialog in GUI) and re-run elaboration/synthesis.
Completed Processing XDC Constraints

Netlist sorting complete. Time (s): cpu = 00:00:00 ; elapsed = 00:00:00 . Memory (MB): peak = 1471.832 ; gain = 0.000
INFO: [Project 1-111] Unisim Transformation Summary:
No Unisim elements were transformed.

Constraint Validation Runtime : Time (s): cpu = 00:00:00 ; elapsed = 00:00:00.001 . Memory (MB): peak = 1471.832 ; gain = 0.000
INFO: [Designutils 20-5440] No compile time benefit to using incremental synthesis; A full resynthesis will be run
INFO: [Designutils 20-4379] Flow is switching to default flow due to incremental criteria not met. If you would like to alter this behaviour and have the flow terminate instead, please set the following parameter config_implementation {autoIncr.Synth.RejectBehavior Terminate}
---------------------------------------------------------------------------------
Finished Constraint Validation : Time (s): cpu = 00:00:11 ; elapsed = 00:00:13 . Memory (MB): peak = 1471.832 ; gain = 581.895
---------------------------------------------------------------------------------
---------------------------------------------------------------------------------
Start Loading Part and Timing Information
---------------------------------------------------------------------------------
Loading part: xc7a100tcsg324-1
---------------------------------------------------------------------------------
Finished Loading Part and Timing Information : Time (s): cpu = 00:00:11 ; elapsed = 00:00:13 . Memory (MB): peak = 1471.832 ; gain = 581.895
---------------------------------------------------------------------------------
---------------------------------------------------------------------------------
Start Applying 'set_property' XDC Constraints
---------------------------------------------------------------------------------
---------------------------------------------------------------------------------
Finished applying 'set_property' XDC Constraints : Time (s): cpu = 00:00:11 ; elapsed = 00:00:13 . Memory (MB): peak = 1471.832 ; gain = 581.895
---------------------------------------------------------------------------------
INFO: [Synth 8-802] inferred FSM for state register 'stato_corrente_reg' in module 'CU'
WARNING: [Synth 8-327] inferring latch for variable 'write_MEM_reg' [C:/VHDL/TESINA/esercizio_6/esercizio_6.srcs/sources_1/new/CU.vhd:79]
---------------------------------------------------------------------------------------------------
                   State |                     New Encoding |                Previous Encoding 
---------------------------------------------------------------------------------------------------
                      s0 |                              001 |                               00
                      s1 |                              010 |                               01
                      s2 |                              100 |                               10
---------------------------------------------------------------------------------------------------
INFO: [Synth 8-3354] encoded FSM with state register 'stato_corrente_reg' using encoding 'one-hot' in module 'CU'
WARNING: [Synth 8-327] inferring latch for variable 'en_cont_reg' [C:/VHDL/TESINA/esercizio_6/esercizio_6.srcs/sources_1/new/CU.vhd:65]
---------------------------------------------------------------------------------
Finished RTL Optimization Phase 2 : Time (s): cpu = 00:00:11 ; elapsed = 00:00:13 . Memory (MB): peak = 1471.832 ; gain = 581.895
---------------------------------------------------------------------------------
---------------------------------------------------------------------------------
Start RTL Component Statistics 
---------------------------------------------------------------------------------
Detailed RTL Component Info : 
+---Adders : 
	   2 Input   32 Bit       Adders := 1     
	   2 Input    4 Bit       Adders := 1     
+---Registers : 
	               32 Bit    Registers := 1     
	                4 Bit    Registers := 3     
	                1 Bit    Registers := 1     
+---Muxes : 
	   2 Input    4 Bit        Muxes := 2     
	   3 Input    3 Bit        Muxes := 1     
	   2 Input    3 Bit        Muxes := 3     
	   3 Input    1 Bit        Muxes := 2     
---------------------------------------------------------------------------------
Finished RTL Component Statistics 
---------------------------------------------------------------------------------
---------------------------------------------------------------------------------
Start Part Resource Summary
---------------------------------------------------------------------------------
Part Resources:
DSPs: 240 (col length:80)
BRAMs: 270 (col length: RAMB18 80 RAMB36 40)
---------------------------------------------------------------------------------
Finished Part Resource Summary
---------------------------------------------------------------------------------
---------------------------------------------------------------------------------
Start Cross Boundary and Area Optimization
---------------------------------------------------------------------------------
WARNING: [Synth 8-7080] Parallel synthesis criteria is not met
---------------------------------------------------------------------------------
Finished Cross Boundary and Area Optimization : Time (s): cpu = 00:00:12 ; elapsed = 00:00:15 . Memory (MB): peak = 1471.832 ; gain = 581.895
---------------------------------------------------------------------------------
---------------------------------------------------------------------------------
Start Applying XDC Timing Constraints
---------------------------------------------------------------------------------
---------------------------------------------------------------------------------
Finished Applying XDC Timing Constraints : Time (s): cpu = 00:00:16 ; elapsed = 00:00:19 . Memory (MB): peak = 1471.832 ; gain = 581.895
---------------------------------------------------------------------------------
---------------------------------------------------------------------------------
Start Timing Optimization
---------------------------------------------------------------------------------
---------------------------------------------------------------------------------
Finished Timing Optimization : Time (s): cpu = 00:00:16 ; elapsed = 00:00:19 . Memory (MB): peak = 1471.832 ; gain = 581.895
---------------------------------------------------------------------------------
---------------------------------------------------------------------------------
Start Technology Mapping
---------------------------------------------------------------------------------
---------------------------------------------------------------------------------
Finished Technology Mapping : Time (s): cpu = 00:00:16 ; elapsed = 00:00:20 . Memory (MB): peak = 1471.832 ; gain = 581.895
---------------------------------------------------------------------------------
---------------------------------------------------------------------------------
Start IO Insertion
---------------------------------------------------------------------------------
---------------------------------------------------------------------------------
Start Flattening Before IO Insertion
---------------------------------------------------------------------------------
---------------------------------------------------------------------------------
Finished Flattening Before IO Insertion
---------------------------------------------------------------------------------
---------------------------------------------------------------------------------
Start Final Netlist Cleanup
---------------------------------------------------------------------------------
---------------------------------------------------------------------------------
Finished Final Netlist Cleanup
---------------------------------------------------------------------------------
---------------------------------------------------------------------------------
Finished IO Insertion : Time (s): cpu = 00:00:19 ; elapsed = 00:00:23 . Memory (MB): peak = 1471.832 ; gain = 581.895
---------------------------------------------------------------------------------
---------------------------------------------------------------------------------
Start Renaming Generated Instances
---------------------------------------------------------------------------------
---------------------------------------------------------------------------------
Finished Renaming Generated Instances : Time (s): cpu = 00:00:19 ; elapsed = 00:00:23 . Memory (MB): peak = 1471.832 ; gain = 581.895
---------------------------------------------------------------------------------
---------------------------------------------------------------------------------
Start Rebuilding User Hierarchy
---------------------------------------------------------------------------------
---------------------------------------------------------------------------------
Finished Rebuilding User Hierarchy : Time (s): cpu = 00:00:20 ; elapsed = 00:00:23 . Memory (MB): peak = 1471.832 ; gain = 581.895
---------------------------------------------------------------------------------
---------------------------------------------------------------------------------
Start Renaming Generated Ports
---------------------------------------------------------------------------------
---------------------------------------------------------------------------------
Finished Renaming Generated Ports : Time (s): cpu = 00:00:20 ; elapsed = 00:00:23 . Memory (MB): peak = 1471.832 ; gain = 581.895
---------------------------------------------------------------------------------
---------------------------------------------------------------------------------
Start Handling Custom Attributes
---------------------------------------------------------------------------------
---------------------------------------------------------------------------------
Finished Handling Custom Attributes : Time (s): cpu = 00:00:20 ; elapsed = 00:00:23 . Memory (MB): peak = 1471.832 ; gain = 581.895
---------------------------------------------------------------------------------
---------------------------------------------------------------------------------
Start Renaming Generated Nets
---------------------------------------------------------------------------------
---------------------------------------------------------------------------------
Finished Renaming Generated Nets : Time (s): cpu = 00:00:20 ; elapsed = 00:00:23 . Memory (MB): peak = 1471.832 ; gain = 581.895
---------------------------------------------------------------------------------
---------------------------------------------------------------------------------
Start Writing Synthesis Report
---------------------------------------------------------------------------------

Report BlackBoxes: 
+-+--------------+----------+
| |BlackBox name |Instances |
+-+--------------+----------+
+-+--------------+----------+

Report Cell Usage: 
+------+-------+------+
|      |Cell   |Count |
+------+-------+------+
|1     |BUFG   |     1|
|2     |CARRY4 |     8|
|3     |LUT1   |     7|
|4     |LUT2   |     5|
|5     |LUT3   |     2|
|6     |LUT4   |     2|
|7     |LUT5   |     1|
|8     |LUT6   |     6|
|9     |FDCE   |     4|
|10    |FDRE   |    44|
|11    |LD     |     2|
|12    |IBUF   |     3|
|13    |OBUF   |     4|
+------+-------+------+
---------------------------------------------------------------------------------
Finished Writing Synthesis Report : Time (s): cpu = 00:00:20 ; elapsed = 00:00:23 . Memory (MB): peak = 1471.832 ; gain = 581.895
---------------------------------------------------------------------------------
Synthesis finished with 0 errors, 0 critical warnings and 3 warnings.
Synthesis Optimization Runtime : Time (s): cpu = 00:00:13 ; elapsed = 00:00:22 . Memory (MB): peak = 1471.832 ; gain = 501.938
Synthesis Optimization Complete : Time (s): cpu = 00:00:20 ; elapsed = 00:00:23 . Memory (MB): peak = 1471.832 ; gain = 581.895
INFO: [Project 1-571] Translating synthesized netlist
Netlist sorting complete. Time (s): cpu = 00:00:00 ; elapsed = 00:00:00.001 . Memory (MB): peak = 1471.832 ; gain = 0.000
INFO: [Netlist 29-17] Analyzing 10 Unisim elements for replacement
INFO: [Netlist 29-28] Unisim Transformation completed in 0 CPU seconds
INFO: [Project 1-570] Preparing netlist for logic optimization
INFO: [Opt 31-138] Pushed 0 inverter(s) to 0 load pin(s).
Netlist sorting complete. Time (s): cpu = 00:00:00 ; elapsed = 00:00:00 . Memory (MB): peak = 1471.832 ; gain = 0.000
INFO: [Project 1-111] Unisim Transformation Summary:
  A total of 2 instances were transformed.
  LD => LDCE: 2 instances

Synth Design complete | Checksum: d299c687
INFO: [Common 17-83] Releasing license: Synthesis
40 Infos, 13 Warnings, 0 Critical Warnings and 0 Errors encountered.
synth_design completed successfully
synth_design: Time (s): cpu = 00:00:23 ; elapsed = 00:00:28 . Memory (MB): peak = 1471.832 ; gain = 975.285
INFO: [Common 17-1381] The checkpoint 'C:/VHDL/TESINA/esercizio_6/esercizio_6.runs/synth_1/CU_on_board.dcp' has been generated.
INFO: [runtcl-4] Executing : report_utilization -file CU_on_board_utilization_synth.rpt -pb CU_on_board_utilization_synth.pb
INFO: [Common 17-206] Exiting Vivado at Tue Jan 30 14:20:43 2024...
