Vivado Simulator v2023.1.1
Copyright 1986-2022 Xilinx, Inc. All Rights Reserved.
Copyright 2022-2023 Advanced Micro Devices, Inc. All Rights Reserved.
Running: C:/Xilinx/Vivado/2023.1/bin/unwrapped/win64.o/xelab.exe --incr --debug typical --relax --mt 2 -L xil_defaultlib -L secureip --snapshot tb_sistema_totale_behav xil_defaultlib.tb_sistema_totale -log elaborate.log 
Using 2 slave threads.
Starting static elaboration
Completed static elaboration
Starting simulation data flow analysis
Completed simulation data flow analysis
Time Resolution for simulation is 1ps
Compiling package std.standard
Compiling package std.textio
Compiling package ieee.std_logic_1164
Compiling package ieee.std_logic_arith
Compiling package ieee.std_logic_unsigned
Compiling architecture behavioral of entity xil_defaultlib.gestione_priorita [gestione_priorita_default]
Compiling architecture dataflow of entity xil_defaultlib.mux_2_1 [mux_2_1_default]
Compiling architecture dataflow of entity xil_defaultlib.demux_1_2 [demux_1_2_default]
Compiling architecture structural of entity xil_defaultlib.switch_elem [switch_elem_default]
Compiling architecture behavioral of entity xil_defaultlib.rete_di_interconnesione [rete_di_interconnesione_default]
Compiling architecture behavioral of entity xil_defaultlib.sistema_totale [sistema_totale_default]
Compiling architecture tb_architecture of entity xil_defaultlib.tb_sistema_totale
Built simulation snapshot tb_sistema_totale_behav
